<?xml version="1.0" encoding="UTF-8"?>
<!-- Generated by org.testng.reporters.JUnitXMLReporter -->
<testsuite ignored="0" hostname="INAIRLT541343" failures="0" tests="3" name="Default test" time="50.647" errors="0" timestamp="10 May 2023 07:05:40 GMT">
  <testcase classname="com.qa.opencart.tests.RegistrationPageTest" name="userRegistrationTest" time="3.474"/>
  <testcase classname="com.qa.opencart.tests.RegistrationPageTest" name="userRegistrationTest" time="3.165"/>
  <testcase classname="com.qa.opencart.tests.RegistrationPageTest" name="userRegistrationTest" time="3.154"/>
</testsuite> <!-- Default test -->
