<?xml version="1.0" encoding="UTF-8"?>
<!-- Generated by org.testng.reporters.JUnitXMLReporter -->
<testsuite ignored="2" hostname="INAIRLT541343" failures="0" tests="1" name="Default test" time="57.044" errors="0" timestamp="04 May 2023 08:49:44 GMT">
  <testcase classname="TestNG.Sessions.LoginTest" name="signUpLinkTest" time="0.121"/>
  <testcase classname="TestNG.Sessions.LoginTest" name="verifyTitleTest" time="0.0">
    <ignored/>
  </testcase> <!-- verifyTitleTest -->
  <testcase classname="TestNG.Sessions.LoginTest" name="loginTest" time="0.0">
    <ignored/>
  </testcase> <!-- loginTest -->
</testsuite> <!-- Default test -->
