<?xml version="1.0" encoding="UTF-8"?>
<!-- Generated by org.testng.reporters.JUnitXMLReporter -->
<testsuite ignored="0" hostname="INAIRLT541343" failures="0" tests="10" name="Open Cart Accounts Page Test" time="55.777" errors="0" timestamp="10 May 2023 07:48:41 GMT">
  <testcase classname="com.qa.opencart.tests.AccountsPageTest" name="accPageTitleTest" time="0.03"/>
  <testcase classname="com.qa.opencart.tests.AccountsPageTest" name="accPageHeaderTest" time="0.089"/>
  <testcase classname="com.qa.opencart.tests.AccountsPageTest" name="isLogoutLinkExist" time="0.095"/>
  <testcase classname="com.qa.opencart.tests.AccountsPageTest" name="accountPageSectionsTest" time="0.252"/>
  <testcase classname="com.qa.opencart.tests.AccountsPageTest" name="searchTest" time="1.621"/>
  <testcase classname="com.qa.opencart.tests.AccountsPageTest" name="searchTest" time="0.964"/>
  <testcase classname="com.qa.opencart.tests.AccountsPageTest" name="searchTest" time="0.872"/>
  <testcase classname="com.qa.opencart.tests.AccountsPageTest" name="selectProductTest" time="2.323"/>
  <testcase classname="com.qa.opencart.tests.AccountsPageTest" name="selectProductTest" time="2.309"/>
  <testcase classname="com.qa.opencart.tests.AccountsPageTest" name="selectProductTest" time="1.679"/>
</testsuite> <!-- Open Cart Accounts Page Test -->
