<?xml version="1.0" encoding="UTF-8"?>
<!-- Generated by org.testng.reporters.JUnitXMLReporter -->
<testsuite ignored="0" hostname="INAIRLT541343" failures="0" tests="3" name="Open Cart ProductInfoPage Test" time="43.508" errors="0" timestamp="10 May 2023 07:49:25 GMT">
  <testcase classname="com.qa.opencart.tests.ProductInfoPageTest" name="productHeaderTest" time="2.631"/>
  <testcase classname="com.qa.opencart.tests.ProductInfoPageTest" name="productImagesCountTest" time="1.841"/>
  <testcase classname="com.qa.opencart.tests.ProductInfoPageTest" name="productInfoTest" time="2.266"/>
</testsuite> <!-- Open Cart ProductInfoPage Test -->
