<?xml version="1.0" encoding="UTF-8"?>
<!-- Generated by org.testng.reporters.JUnitXMLReporter -->
<testsuite ignored="0" hostname="INAIRLT541343" failures="0" tests="5" name="Open Cart Login Page Test" time="45.567" errors="0" timestamp="10 May 2023 07:48:31 GMT">
  <testcase classname="com.qa.opencart.tests.LoginPageTest" name="loginPageTitleTest" time="0.065"/>
  <testcase classname="com.qa.opencart.tests.LoginPageTest" name="loginPageUrlTest" time="0.022"/>
  <testcase classname="com.qa.opencart.tests.LoginPageTest" name="forgotPasswordLinkTest" time="0.118"/>
  <testcase classname="com.qa.opencart.tests.LoginPageTest" name="isRegisterLinkExistTest" time="0.104"/>
  <testcase classname="com.qa.opencart.tests.LoginPageTest" name="doLoginTest" time="1.377"/>
</testsuite> <!-- Open Cart Login Page Test -->
