<?xml version="1.0" encoding="UTF-8"?>
<!-- Generated by org.testng.reporters.JUnitXMLReporter -->
<testsuite ignored="0" hostname="INAIRLT541343" failures="0" tests="5" name="Open Cart Login Page Test" time="41.63" errors="0" timestamp="12 May 2023 12:43:45 GMT">
  <testcase classname="com.qa.opencart.tests.LoginPageTest" name="loginPageTitleTest" time="0.244"/>
  <testcase classname="com.qa.opencart.tests.LoginPageTest" name="loginPageUrlTest" time="0.023"/>
  <testcase classname="com.qa.opencart.tests.LoginPageTest" name="forgotPasswordLinkTest" time="0.129"/>
  <testcase classname="com.qa.opencart.tests.LoginPageTest" name="isRegisterLinkExistTest" time="0.103"/>
  <testcase classname="com.qa.opencart.tests.LoginPageTest" name="doLoginTest" time="1.267"/>
</testsuite> <!-- Open Cart Login Page Test -->
