<?xml version="1.0" encoding="UTF-8"?>
<testng-results ignored="0" total="10" passed="10" failed="0" skipped="0">
  <reporter-output>
  </reporter-output>
  <suite started-at="2023-05-10T06:24:22Z" name="Default suite" finished-at="2023-05-10T06:25:10Z" duration-ms="47995">
    <groups>
    </groups>
    <test started-at="2023-05-10T06:24:22Z" name="Default test" finished-at="2023-05-10T06:25:10Z" duration-ms="47995">
      <class name="com.qa.opencart.tests.AccountsPageTest">
        <test-method is-config="true" signature="setUp()[pri:0, instance:com.qa.opencart.tests.AccountsPageTest@7a220c9a]" started-at="2023-05-10T06:24:22Z" name="setUp" finished-at="2023-05-10T06:24:59Z" duration-ms="36316" status="PASS">
          <reporter-output>
          </reporter-output>
        </test-method> <!-- setUp -->
        <test-method is-config="true" signature="accPageSetup()[pri:0, instance:com.qa.opencart.tests.AccountsPageTest@7a220c9a]" started-at="2023-05-10T06:24:59Z" name="accPageSetup" finished-at="2023-05-10T06:25:00Z" duration-ms="1328" status="PASS">
          <reporter-output>
          </reporter-output>
        </test-method> <!-- accPageSetup -->
        <test-method signature="accPageTitleTest()[pri:1, instance:com.qa.opencart.tests.AccountsPageTest@7a220c9a]" started-at="2023-05-10T06:25:00Z" name="accPageTitleTest" finished-at="2023-05-10T06:25:00Z" duration-ms="39" status="PASS">
          <reporter-output>
          </reporter-output>
        </test-method> <!-- accPageTitleTest -->
        <test-method signature="accPageHeaderTest()[pri:2, instance:com.qa.opencart.tests.AccountsPageTest@7a220c9a]" started-at="2023-05-10T06:25:00Z" name="accPageHeaderTest" finished-at="2023-05-10T06:25:00Z" duration-ms="90" status="PASS">
          <reporter-output>
          </reporter-output>
        </test-method> <!-- accPageHeaderTest -->
        <test-method signature="isLogoutLinkExist()[pri:3, instance:com.qa.opencart.tests.AccountsPageTest@7a220c9a]" started-at="2023-05-10T06:25:00Z" name="isLogoutLinkExist" finished-at="2023-05-10T06:25:00Z" duration-ms="154" status="PASS">
          <reporter-output>
          </reporter-output>
        </test-method> <!-- isLogoutLinkExist -->
        <test-method signature="accountPageSectionsTest()[pri:4, instance:com.qa.opencart.tests.AccountsPageTest@7a220c9a]" started-at="2023-05-10T06:25:00Z" name="accountPageSectionsTest" finished-at="2023-05-10T06:25:01Z" duration-ms="364" status="PASS">
          <reporter-output>
          </reporter-output>
        </test-method> <!-- accountPageSectionsTest -->
        <test-method signature="searchTest(java.lang.String)[pri:5, instance:com.qa.opencart.tests.AccountsPageTest@7a220c9a]" started-at="2023-05-10T06:25:02Z" name="searchTest" data-provider="getProductData" finished-at="2023-05-10T06:25:03Z" duration-ms="934" status="PASS">
          <params>
            <param index="0">
              <value>
                <![CDATA[MacBook]]>
              </value>
            </param>
          </params>
          <reporter-output>
          </reporter-output>
        </test-method> <!-- searchTest -->
        <test-method signature="searchTest(java.lang.String)[pri:5, instance:com.qa.opencart.tests.AccountsPageTest@7a220c9a]" started-at="2023-05-10T06:25:03Z" name="searchTest" data-provider="getProductData" finished-at="2023-05-10T06:25:04Z" duration-ms="835" status="PASS">
          <params>
            <param index="0">
              <value>
                <![CDATA[Apple]]>
              </value>
            </param>
          </params>
          <reporter-output>
          </reporter-output>
        </test-method> <!-- searchTest -->
        <test-method signature="searchTest(java.lang.String)[pri:5, instance:com.qa.opencart.tests.AccountsPageTest@7a220c9a]" started-at="2023-05-10T06:25:04Z" name="searchTest" data-provider="getProductData" finished-at="2023-05-10T06:25:04Z" duration-ms="794" status="PASS">
          <params>
            <param index="0">
              <value>
                <![CDATA[SamSung]]>
              </value>
            </param>
          </params>
          <reporter-output>
          </reporter-output>
        </test-method> <!-- searchTest -->
        <test-method signature="selectProductTest(java.lang.String, java.lang.String)[pri:6, instance:com.qa.opencart.tests.AccountsPageTest@7a220c9a]" started-at="2023-05-10T06:25:04Z" name="selectProductTest" data-provider="getMainProductData" finished-at="2023-05-10T06:25:07Z" duration-ms="2336" status="PASS">
          <params>
            <param index="0">
              <value>
                <![CDATA[MacBook]]>
              </value>
            </param>
            <param index="1">
              <value>
                <![CDATA[MacBook Pro]]>
              </value>
            </param>
          </params>
          <reporter-output>
          </reporter-output>
        </test-method> <!-- selectProductTest -->
        <test-method signature="selectProductTest(java.lang.String, java.lang.String)[pri:6, instance:com.qa.opencart.tests.AccountsPageTest@7a220c9a]" started-at="2023-05-10T06:25:07Z" name="selectProductTest" data-provider="getMainProductData" finished-at="2023-05-10T06:25:09Z" duration-ms="1768" status="PASS">
          <params>
            <param index="0">
              <value>
                <![CDATA[Apple]]>
              </value>
            </param>
            <param index="1">
              <value>
                <![CDATA[Apple Cinema 30"]]>
              </value>
            </param>
          </params>
          <reporter-output>
          </reporter-output>
        </test-method> <!-- selectProductTest -->
        <test-method signature="selectProductTest(java.lang.String, java.lang.String)[pri:6, instance:com.qa.opencart.tests.AccountsPageTest@7a220c9a]" started-at="2023-05-10T06:25:09Z" name="selectProductTest" data-provider="getMainProductData" finished-at="2023-05-10T06:25:10Z" duration-ms="1949" status="PASS">
          <params>
            <param index="0">
              <value>
                <![CDATA[SamSung]]>
              </value>
            </param>
            <param index="1">
              <value>
                <![CDATA[Samsung SyncMaster 941BW]]>
              </value>
            </param>
          </params>
          <reporter-output>
          </reporter-output>
        </test-method> <!-- selectProductTest -->
        <test-method is-config="true" signature="tearDown()[pri:0, instance:com.qa.opencart.tests.AccountsPageTest@7a220c9a]" started-at="2023-05-10T06:25:10Z" name="tearDown" finished-at="2023-05-10T06:25:10Z" duration-ms="1" status="PASS">
          <reporter-output>
          </reporter-output>
        </test-method> <!-- tearDown -->
      </class> <!-- com.qa.opencart.tests.AccountsPageTest -->
    </test> <!-- Default test -->
  </suite> <!-- Default suite -->
</testng-results>
