<?xml version="1.0" encoding="UTF-8"?>
<testng-results ignored="2" total="3" passed="1" failed="0" skipped="0">
  <reporter-output>
  </reporter-output>
  <suite started-at="2023-05-04T08:48:47Z" name="Default suite" finished-at="2023-05-04T08:49:44Z" duration-ms="57044">
    <groups>
    </groups>
    <test started-at="2023-05-04T08:48:47Z" name="Default test" finished-at="2023-05-04T08:49:44Z" duration-ms="57044">
      <class name="TestNG.Sessions.LoginTest">
        <test-method is-config="true" signature="beforeSuite()[pri:0, instance:TestNG.Sessions.LoginTest@63f259c3]" started-at="2023-05-04T08:48:46Z" name="beforeSuite" finished-at="2023-05-04T08:48:47Z" duration-ms="17" status="PASS">
          <reporter-output>
          </reporter-output>
        </test-method> <!-- beforeSuite -->
        <test-method is-config="true" signature="beforeTest()[pri:0, instance:TestNG.Sessions.LoginTest@63f259c3]" started-at="2023-05-04T08:48:47Z" name="beforeTest" finished-at="2023-05-04T08:48:47Z" duration-ms="1" status="PASS">
          <reporter-output>
          </reporter-output>
        </test-method> <!-- beforeTest -->
        <test-method is-config="true" signature="beforeClass()[pri:0, instance:TestNG.Sessions.LoginTest@63f259c3]" started-at="2023-05-04T08:48:47Z" name="beforeClass" finished-at="2023-05-04T08:48:47Z" duration-ms="1" status="PASS">
          <reporter-output>
          </reporter-output>
        </test-method> <!-- beforeClass -->
        <test-method is-config="true" signature="setUp()[pri:0, instance:TestNG.Sessions.LoginTest@63f259c3]" started-at="2023-05-04T08:48:47Z" name="setUp" finished-at="2023-05-04T08:49:43Z" duration-ms="56613" status="PASS">
          <reporter-output>
          </reporter-output>
        </test-method> <!-- setUp -->
        <test-method signature="signUpLinkTest()[pri:1, instance:TestNG.Sessions.LoginTest@63f259c3]" started-at="2023-05-04T08:49:43Z" name="signUpLinkTest" finished-at="2023-05-04T08:49:43Z" duration-ms="121" status="PASS">
          <reporter-output>
          </reporter-output>
        </test-method> <!-- signUpLinkTest -->
        <test-method is-config="true" signature="tearDown()[pri:0, instance:TestNG.Sessions.LoginTest@63f259c3]" started-at="2023-05-04T08:49:43Z" name="tearDown" finished-at="2023-05-04T08:49:44Z" duration-ms="284" status="PASS">
          <reporter-output>
          </reporter-output>
        </test-method> <!-- tearDown -->
        <test-method is-config="true" signature="afterClass()[pri:0, instance:TestNG.Sessions.LoginTest@63f259c3]" started-at="2023-05-04T08:49:44Z" name="afterClass" finished-at="2023-05-04T08:49:44Z" duration-ms="1" status="PASS">
          <reporter-output>
          </reporter-output>
        </test-method> <!-- afterClass -->
        <test-method is-config="true" signature="afterTest()[pri:0, instance:TestNG.Sessions.LoginTest@63f259c3]" started-at="2023-05-04T08:49:44Z" name="afterTest" finished-at="2023-05-04T08:49:44Z" duration-ms="0" status="PASS">
          <reporter-output>
          </reporter-output>
        </test-method> <!-- afterTest -->
        <test-method is-config="true" signature="afterSuite()[pri:0, instance:TestNG.Sessions.LoginTest@63f259c3]" started-at="2023-05-04T08:49:44Z" name="afterSuite" finished-at="2023-05-04T08:49:44Z" duration-ms="0" status="PASS">
          <reporter-output>
          </reporter-output>
        </test-method> <!-- afterSuite -->
      </class> <!-- TestNG.Sessions.LoginTest -->
    </test> <!-- Default test -->
  </suite> <!-- Default suite -->
</testng-results>
